14:54 INFO    : Waveform generator initiated with
  frequency_domain_source_model: bilby.gw.source.lal_binary_black_hole
  time_domain_source_model: None
  parameter_conversion: bilby.gw.conversion.convert_to_lal_binary_black_hole_parameters
14:54 INFO    : Running for label 'luminosity_distance_900', output will be saved to './GW150914/luminosity_distance_900'
14:54 INFO    : Using lal version 7.1.2
14:54 INFO    : Using lal git version Branch: None;Tag: lalsuite-v6.82;Id: cf792129c2473f42ce6c6ee21d8234254cefd337;;Builder: Unknown User <>;Repository status: UNCLEAN: Modified working tree
14:54 INFO    : Using lalsimulation version 2.5.1
14:54 INFO    : Using lalsimulation git version Branch: None;Tag: lalsuite-v6.82;Id: cf792129c2473f42ce6c6ee21d8234254cefd337;;Builder: Unknown User <>;Repository status: UNCLEAN: Modified working tree
14:54 INFO    : Search parameters:
14:54 INFO    :   mass_1 = Uniform(minimum=10, maximum=80, name='mass_1', latex_label='$m_1$', unit='$M_{\\odot}$', boundary=None)
14:54 INFO    :   mass_2 = Uniform(minimum=10, maximum=80, name='mass_2', latex_label='$m_2$', unit='$M_{\\odot}$', boundary=None)
14:54 INFO    :   a_1 = Uniform(minimum=0, maximum=0.99, name='a_1', latex_label='$a_1$', unit=None, boundary='reflective')
14:54 INFO    :   a_2 = Uniform(minimum=0, maximum=0.99, name='a_2', latex_label='$a_2$', unit=None, boundary='reflective')
14:54 INFO    :   tilt_1 = Sine(minimum=0, maximum=3.141592653589793, name='tilt_1', latex_label='$\\theta_1$', unit=None, boundary='reflective')
14:54 INFO    :   tilt_2 = Sine(minimum=0, maximum=3.141592653589793, name='tilt_2', latex_label='$\\theta_2$', unit=None, boundary='reflective')
14:54 INFO    :   phi_12 = Uniform(minimum=0, maximum=6.283185307179586, name='phi_12', latex_label='$\\Delta\\phi$', unit=None, boundary='periodic')
14:54 INFO    :   phi_jl = Uniform(minimum=0, maximum=6.283185307179586, name='phi_jl', latex_label='$\\phi_{JL}$', unit=None, boundary='periodic')
14:54 INFO    :   luminosity_distance = UniformSourceFrame(minimum=100.0, maximum=1000, cosmology=FlatLambdaCDM(name="Planck15", H0=67.7 km / (Mpc s), Om0=0.307, Tcmb0=2.725 K, Neff=3.05, m_nu=[0.   0.   0.06] eV, Ob0=0.0486), name='luminosity_distance', latex_label='$d_L$', unit=Unit("Mpc"), boundary=None)
14:54 INFO    :   dec = Cosine(minimum=-1.5707963267948966, maximum=1.5707963267948966, name='dec', latex_label='$\\mathrm{DEC}$', unit=None, boundary='reflective')
14:54 INFO    :   ra = Uniform(minimum=0, maximum=6.283185307179586, name='ra', latex_label='$\\mathrm{RA}$', unit=None, boundary='periodic')
14:54 INFO    :   theta_jn = Sine(minimum=0, maximum=3.141592653589793, name='theta_jn', latex_label='$\\theta_{JN}$', unit=None, boundary='reflective')
14:54 INFO    :   psi = Uniform(minimum=0, maximum=3.141592653589793, name='psi', latex_label='$\\psi$', unit=None, boundary='periodic')
14:54 INFO    :   phase = Uniform(minimum=0, maximum=6.283185307179586, name='phase', latex_label='$\\phi$', unit=None, boundary='periodic')
14:54 INFO    :   geocent_time = Uniform(minimum=1126259462.3168237, maximum=1126259462.5168235, name='geocent_time', latex_label='$t_c$', unit='$s$', boundary=None)
14:54 INFO    :   mass_ratio = Constraint(minimum=0.125, maximum=1, name='mass_ratio', latex_label='$q$', unit=None)
14:54 INFO    : Single likelihood evaluation took 9.497e-03 s
14:54 INFO    : Using sampler Dynesty with kwargs {'bound': 'multi', 'sample': 'rwalk', 'verbose': True, 'periodic': None, 'reflective': None, 'check_point_delta_t': 600, 'nlive': 1000, 'first_update': None, 'walks': 100, 'npdim': None, 'rstate': None, 'queue_size': 20, 'pool': None, 'use_pool': None, 'live_points': None, 'logl_args': None, 'logl_kwargs': None, 'ptform_args': None, 'ptform_kwargs': None, 'enlarge': 1.5, 'bootstrap': None, 'vol_dec': 0.5, 'vol_check': 8.0, 'facc': 0.2, 'slices': 5, 'update_interval': 600, 'print_func': <bound method Dynesty._print_func of <bilby.core.sampler.dynesty.Dynesty object at 0x7fac51e70290>>, 'dlogz': 0.1, 'maxiter': None, 'maxcall': None, 'logl_max': inf, 'add_live': True, 'print_progress': True, 'save_bounds': False, 'n_effective': None, 'maxmcmc': 5000, 'nact': 10}
14:54 INFO    : Checkpoint every check_point_delta_t = 600s
14:54 INFO    : Using dynesty version 1.0.1
14:54 INFO    : Using the bilby-implemented rwalk sample method with ACT estimated walks
14:54 INFO    : Setting up multiproccesing pool with 20 processes.
14:54 INFO    : Generating initial points from the prior
15:04 INFO    : Written checkpoint file ./GW150914/luminosity_distance_900/luminosity_distance_900_resume.pickle
15:14 INFO    : Written checkpoint file ./GW150914/luminosity_distance_900/luminosity_distance_900_resume.pickle
15:25 INFO    : Written checkpoint file ./GW150914/luminosity_distance_900/luminosity_distance_900_resume.pickle
15:35 INFO    : Written checkpoint file ./GW150914/luminosity_distance_900/luminosity_distance_900_resume.pickle
15:45 INFO    : Written checkpoint file ./GW150914/luminosity_distance_900/luminosity_distance_900_resume.pickle
15:55 INFO    : Written checkpoint file ./GW150914/luminosity_distance_900/luminosity_distance_900_resume.pickle
16:05 INFO    : Written checkpoint file ./GW150914/luminosity_distance_900/luminosity_distance_900_resume.pickle
16:15 INFO    : Written checkpoint file ./GW150914/luminosity_distance_900/luminosity_distance_900_resume.pickle
16:26 INFO    : Written checkpoint file ./GW150914/luminosity_distance_900/luminosity_distance_900_resume.pickle
16:36 INFO    : Written checkpoint file ./GW150914/luminosity_distance_900/luminosity_distance_900_resume.pickle
16:46 INFO    : Written checkpoint file ./GW150914/luminosity_distance_900/luminosity_distance_900_resume.pickle
16:56 INFO    : Written checkpoint file ./GW150914/luminosity_distance_900/luminosity_distance_900_resume.pickle
17:06 INFO    : Written checkpoint file ./GW150914/luminosity_distance_900/luminosity_distance_900_resume.pickle
17:06 INFO    : Writing 180 current samples to ./GW150914/luminosity_distance_900/luminosity_distance_900_samples.dat
17:17 INFO    : Written checkpoint file ./GW150914/luminosity_distance_900/luminosity_distance_900_resume.pickle
17:17 INFO    : Writing 472 current samples to ./GW150914/luminosity_distance_900/luminosity_distance_900_samples.dat
17:27 INFO    : Written checkpoint file ./GW150914/luminosity_distance_900/luminosity_distance_900_resume.pickle
17:27 INFO    : Writing 541 current samples to ./GW150914/luminosity_distance_900/luminosity_distance_900_samples.dat
17:37 INFO    : Written checkpoint file ./GW150914/luminosity_distance_900/luminosity_distance_900_resume.pickle
17:37 INFO    : Writing 402 current samples to ./GW150914/luminosity_distance_900/luminosity_distance_900_samples.dat
17:47 INFO    : Written checkpoint file ./GW150914/luminosity_distance_900/luminosity_distance_900_resume.pickle
17:47 INFO    : Writing 935 current samples to ./GW150914/luminosity_distance_900/luminosity_distance_900_samples.dat
17:57 INFO    : Written checkpoint file ./GW150914/luminosity_distance_900/luminosity_distance_900_resume.pickle
17:57 INFO    : Writing 1993 current samples to ./GW150914/luminosity_distance_900/luminosity_distance_900_samples.dat
18:08 INFO    : Written checkpoint file ./GW150914/luminosity_distance_900/luminosity_distance_900_resume.pickle
18:08 INFO    : Writing 4457 current samples to ./GW150914/luminosity_distance_900/luminosity_distance_900_samples.dat
18:18 INFO    : Written checkpoint file ./GW150914/luminosity_distance_900/luminosity_distance_900_resume.pickle
18:18 INFO    : Writing 4084 current samples to ./GW150914/luminosity_distance_900/luminosity_distance_900_samples.dat
18:28 INFO    : Written checkpoint file ./GW150914/luminosity_distance_900/luminosity_distance_900_resume.pickle
18:28 INFO    : Writing 7886 current samples to ./GW150914/luminosity_distance_900/luminosity_distance_900_samples.dat
18:31 INFO    : Written checkpoint file ./GW150914/luminosity_distance_900/luminosity_distance_900_resume.pickle
18:31 INFO    : Writing 8989 current samples to ./GW150914/luminosity_distance_900/luminosity_distance_900_samples.dat
18:31 INFO    : Starting to close worker pool.
18:31 INFO    : Finished closing worker pool.
18:31 INFO    : Sampling time: 3:36:38.648612
18:31 INFO    : Generating sky frame parameters.
18:33 INFO    : Computing SNRs for every sample.
18:36 INFO    : Summary of results:
nsamples: 22657
ln_noise_evidence: -32365.958
ln_evidence: -32371.119 +/-  0.155
ln_bayes_factor: -5.161 +/-  0.155

